<?xml version="1.0" encoding="UTF-8" ?>
<testsuite errors="0" failures="0" hostname="DESKTOP-S1JCM1O" name="org.gjt.sp.util.SyntaxUtilitiesTest" skipped="0" tests="24" time="0.057" timestamp="2021-09-23T02:29:04">
  <properties>
[...]
</properties>
  <testcase classname="org.gjt.sp.util.SyntaxUtilitiesTest" name="parseColorRed" time="0.001" />
  <testcase classname="org.gjt.sp.util.SyntaxUtilitiesTest" name="parseStyleError2" time="0.0" />
  <testcase classname="org.gjt.sp.util.SyntaxUtilitiesTest" name="parseStyle" time="0.0" />
  <testcase classname="org.gjt.sp.util.SyntaxUtilitiesTest" name="parseStyleError" time="0.001" />
  <testcase classname="org.gjt.sp.util.SyntaxUtilitiesTest" name="parseColorBLue" time="0.0" />
  <testcase classname="org.gjt.sp.util.SyntaxUtilitiesTest" name="parseColorCyan" time="0.0" />
  <testcase classname="org.gjt.sp.util.SyntaxUtilitiesTest" name="parseColorGray" time="0.0" />
  <testcase classname="org.gjt.sp.util.SyntaxUtilitiesTest" name="parseColorNull" time="0.0" />
  <testcase classname="org.gjt.sp.util.SyntaxUtilitiesTest" name="parseColorPink" time="0.0" />
  <testcase classname="org.gjt.sp.util.SyntaxUtilitiesTest" name="parseColorWhat" time="0.0" />
  <testcase classname="org.gjt.sp.util.SyntaxUtilitiesTest" name="parseColorRedAlpha" time="0.0" />
  <testcase classname="org.gjt.sp.util.SyntaxUtilitiesTest" name="parseColorRedNoAlpha" time="0.0" />
  <testcase classname="org.gjt.sp.util.SyntaxUtilitiesTest" name="loadStyles" time="0.008" />
  <testcase classname="org.gjt.sp.util.SyntaxUtilitiesTest" name="parseColorBlack" time="0.0" />
  <testcase classname="org.gjt.sp.util.SyntaxUtilitiesTest" name="parseColorError" time="0.0" />
  <testcase classname="org.gjt.sp.util.SyntaxUtilitiesTest" name="parseColorGreen" time="0.001" />
  <testcase classname="org.gjt.sp.util.SyntaxUtilitiesTest" name="parseColorWhite" time="0.0" />
  <testcase classname="org.gjt.sp.util.SyntaxUtilitiesTest" name="parseColorOrange" time="0.0" />
  <testcase classname="org.gjt.sp.util.SyntaxUtilitiesTest" name="parseColorMagenta" time="0.0" />
  <testcase classname="org.gjt.sp.util.SyntaxUtilitiesTest" name="parseColorYellow" time="0.0" />
  <testcase classname="org.gjt.sp.util.SyntaxUtilitiesTest" name="getColorHexStringRed" time="0.0" />
  <testcase classname="org.gjt.sp.util.SyntaxUtilitiesTest" name="getColorHexString" time="0.0" />
  <testcase classname="org.gjt.sp.util.SyntaxUtilitiesTest" name="parseColorDarkGray" time="0.0" />
  <testcase classname="org.gjt.sp.util.SyntaxUtilitiesTest" name="parseColorlightGray" time="0.0" />
  <system-out><![CDATA[]]></system-out>
  <system-err><![CDATA[]]></system-err>
</testsuite>
